;  LST file generated by mikroListExporter - v.2.0 
; Date/Time: 10/8/2024 12:34:30 AM
;----------------------------------------------

;Address Opcode 	ASM
0x0000	0x2891      	GOTO       145
_____DoICP:
;__Lib_System.c,6 :: 		
;__Lib_System.c,9 :: 		
0x0003	0x1283      	BCF        STATUS, 5
0x0004	0x1303      	BCF        STATUS, 6
0x0005	0x0823      	MOVF       ___DoICPAddr+1, 0
0x0006	0x008A      	MOVWF      PCLATH
;__Lib_System.c,10 :: 		
0x0007	0x0822      	MOVF       ___DoICPAddr, 0
0x0008	0x0082      	MOVWF      PCL
;__Lib_System.c,12 :: 		
L_end_____DoICP:
0x0009	0x0008      	RETURN
; end of _____DoICP
___CC2DW:
;__Lib_System.c,134 :: 		
;__Lib_System.c,137 :: 		
_CC2D_Loop1:
;__Lib_System.c,139 :: 		
0x000A	0x2003      	CALL       _____DoICP
0x000B	0x118A      	BCF        PCLATH, 3
0x000C	0x120A      	BCF        PCLATH, 4
;__Lib_System.c,141 :: 		
0x000D	0x0080      	MOVWF      INDF
;__Lib_System.c,142 :: 		
0x000E	0x0A84      	INCF       FSR, 1
;__Lib_System.c,143 :: 		
0x000F	0x0AA2      	INCF       ___DoICPAddr, 1
;__Lib_System.c,145 :: 		
0x0010	0x1903      	BTFSC      STATUS, 2
;__Lib_System.c,146 :: 		
0x0011	0x0AA3      	INCF       ___DoICPAddr+1, 1
;__Lib_System.c,147 :: 		
0x0012	0x03F0      	DECF       R0, 1
;__Lib_System.c,149 :: 		
0x0013	0x1D03      	BTFSS      STATUS, 2
;__Lib_System.c,150 :: 		
0x0014	0x280A      	GOTO       _CC2D_Loop1
;__Lib_System.c,152 :: 		
L_end___CC2DW:
0x0015	0x0008      	RETURN
; end of ___CC2DW
_rotate180:
;ServoMotor.c,20 :: 		void rotate180() {
;ServoMotor.c,21 :: 		for(i = 0; i < 50; i++) {
0x0016	0x1283      	BCF        STATUS, 5
0x0017	0x1303      	BCF        STATUS, 6
0x0018	0x01A0      	CLRF       _i
0x0019	0x01A1      	CLRF       _i+1
L_rotate18010:
0x001A	0x3080      	MOVLW      128
0x001B	0x0621      	XORWF      _i+1, 0
0x001C	0x00F0      	MOVWF      R0
0x001D	0x3080      	MOVLW      128
0x001E	0x0270      	SUBWF      R0, 0
0x001F	0x1D03      	BTFSS      STATUS, 2
0x0020	0x2823      	GOTO       L__rotate18022
0x0021	0x3032      	MOVLW      50
0x0022	0x0220      	SUBWF      _i, 0
L__rotate18022:
0x0023	0x1803      	BTFSC      STATUS, 0
0x0024	0x283E      	GOTO       L_rotate18011
;ServoMotor.c,22 :: 		portb.f0 = 1;
0x0025	0x1406      	BSF        PORTB, 0
;ServoMotor.c,23 :: 		delay_us(2200);
0x0026	0x3006      	MOVLW      6
0x0027	0x00FC      	MOVWF      R12
0x0028	0x30B5      	MOVLW      181
0x0029	0x00FD      	MOVWF      R13
L_rotate18013:
0x002A	0x0BFD      	DECFSZ     R13, 1
0x002B	0x282A      	GOTO       L_rotate18013
0x002C	0x0BFC      	DECFSZ     R12, 1
0x002D	0x282A      	GOTO       L_rotate18013
0x002E	0x0000      	NOP
0x002F	0x0000      	NOP
;ServoMotor.c,24 :: 		portb.f0 = 0;
0x0030	0x1006      	BCF        PORTB, 0
;ServoMotor.c,25 :: 		delay_us(17800);
0x0031	0x302F      	MOVLW      47
0x0032	0x00FC      	MOVWF      R12
0x0033	0x303A      	MOVLW      58
0x0034	0x00FD      	MOVWF      R13
L_rotate18014:
0x0035	0x0BFD      	DECFSZ     R13, 1
0x0036	0x2835      	GOTO       L_rotate18014
0x0037	0x0BFC      	DECFSZ     R12, 1
0x0038	0x2835      	GOTO       L_rotate18014
0x0039	0x0000      	NOP
;ServoMotor.c,21 :: 		for(i = 0; i < 50; i++) {
0x003A	0x0AA0      	INCF       _i, 1
0x003B	0x1903      	BTFSC      STATUS, 2
0x003C	0x0AA1      	INCF       _i+1, 1
;ServoMotor.c,26 :: 		}
0x003D	0x281A      	GOTO       L_rotate18010
L_rotate18011:
;ServoMotor.c,27 :: 		}
L_end_rotate180:
0x003E	0x0008      	RETURN
; end of _rotate180
_rotate0:
;ServoMotor.c,2 :: 		void rotate0() {
;ServoMotor.c,3 :: 		for(i = 0; i < 50; i++) {
0x003F	0x1283      	BCF        STATUS, 5
0x0040	0x1303      	BCF        STATUS, 6
0x0041	0x01A0      	CLRF       _i
0x0042	0x01A1      	CLRF       _i+1
L_rotate00:
0x0043	0x3080      	MOVLW      128
0x0044	0x0621      	XORWF      _i+1, 0
0x0045	0x00F0      	MOVWF      R0
0x0046	0x3080      	MOVLW      128
0x0047	0x0270      	SUBWF      R0, 0
0x0048	0x1D03      	BTFSS      STATUS, 2
0x0049	0x284C      	GOTO       L__rotate018
0x004A	0x3032      	MOVLW      50
0x004B	0x0220      	SUBWF      _i, 0
L__rotate018:
0x004C	0x1803      	BTFSC      STATUS, 0
0x004D	0x2867      	GOTO       L_rotate01
;ServoMotor.c,4 :: 		portb.f0 = 1;
0x004E	0x1406      	BSF        PORTB, 0
;ServoMotor.c,5 :: 		delay_us(800);
0x004F	0x3003      	MOVLW      3
0x0050	0x00FC      	MOVWF      R12
0x0051	0x3012      	MOVLW      18
0x0052	0x00FD      	MOVWF      R13
L_rotate03:
0x0053	0x0BFD      	DECFSZ     R13, 1
0x0054	0x2853      	GOTO       L_rotate03
0x0055	0x0BFC      	DECFSZ     R12, 1
0x0056	0x2853      	GOTO       L_rotate03
0x0057	0x0000      	NOP
;ServoMotor.c,6 :: 		portb.f0 = 0;
0x0058	0x1006      	BCF        PORTB, 0
;ServoMotor.c,7 :: 		delay_us(19200);
0x0059	0x3032      	MOVLW      50
0x005A	0x00FC      	MOVWF      R12
0x005B	0x30DD      	MOVLW      221
0x005C	0x00FD      	MOVWF      R13
L_rotate04:
0x005D	0x0BFD      	DECFSZ     R13, 1
0x005E	0x285D      	GOTO       L_rotate04
0x005F	0x0BFC      	DECFSZ     R12, 1
0x0060	0x285D      	GOTO       L_rotate04
0x0061	0x0000      	NOP
0x0062	0x0000      	NOP
;ServoMotor.c,3 :: 		for(i = 0; i < 50; i++) {
0x0063	0x0AA0      	INCF       _i, 1
0x0064	0x1903      	BTFSC      STATUS, 2
0x0065	0x0AA1      	INCF       _i+1, 1
;ServoMotor.c,8 :: 		}
0x0066	0x2843      	GOTO       L_rotate00
L_rotate01:
;ServoMotor.c,9 :: 		}
L_end_rotate0:
0x0067	0x0008      	RETURN
; end of _rotate0
_rotate90:
;ServoMotor.c,11 :: 		void rotate90() {
;ServoMotor.c,12 :: 		for(i = 0; i < 50; i++) {
0x0068	0x1283      	BCF        STATUS, 5
0x0069	0x1303      	BCF        STATUS, 6
0x006A	0x01A0      	CLRF       _i
0x006B	0x01A1      	CLRF       _i+1
L_rotate905:
0x006C	0x3080      	MOVLW      128
0x006D	0x0621      	XORWF      _i+1, 0
0x006E	0x00F0      	MOVWF      R0
0x006F	0x3080      	MOVLW      128
0x0070	0x0270      	SUBWF      R0, 0
0x0071	0x1D03      	BTFSS      STATUS, 2
0x0072	0x2875      	GOTO       L__rotate9020
0x0073	0x3032      	MOVLW      50
0x0074	0x0220      	SUBWF      _i, 0
L__rotate9020:
0x0075	0x1803      	BTFSC      STATUS, 0
0x0076	0x2890      	GOTO       L_rotate906
;ServoMotor.c,13 :: 		portb.f0 = 1;
0x0077	0x1406      	BSF        PORTB, 0
;ServoMotor.c,14 :: 		delay_us(1500);
0x0078	0x3004      	MOVLW      4
0x0079	0x00FC      	MOVWF      R12
0x007A	0x30E4      	MOVLW      228
0x007B	0x00FD      	MOVWF      R13
L_rotate908:
0x007C	0x0BFD      	DECFSZ     R13, 1
0x007D	0x287C      	GOTO       L_rotate908
0x007E	0x0BFC      	DECFSZ     R12, 1
0x007F	0x287C      	GOTO       L_rotate908
0x0080	0x0000      	NOP
;ServoMotor.c,15 :: 		portb.f0 = 0;
0x0081	0x1006      	BCF        PORTB, 0
;ServoMotor.c,16 :: 		delay_us(18500);
0x0082	0x3031      	MOVLW      49
0x0083	0x00FC      	MOVWF      R12
0x0084	0x300B      	MOVLW      11
0x0085	0x00FD      	MOVWF      R13
L_rotate909:
0x0086	0x0BFD      	DECFSZ     R13, 1
0x0087	0x2886      	GOTO       L_rotate909
0x0088	0x0BFC      	DECFSZ     R12, 1
0x0089	0x2886      	GOTO       L_rotate909
0x008A	0x0000      	NOP
0x008B	0x0000      	NOP
;ServoMotor.c,12 :: 		for(i = 0; i < 50; i++) {
0x008C	0x0AA0      	INCF       _i, 1
0x008D	0x1903      	BTFSC      STATUS, 2
0x008E	0x0AA1      	INCF       _i+1, 1
;ServoMotor.c,17 :: 		}
0x008F	0x286C      	GOTO       L_rotate905
L_rotate906:
;ServoMotor.c,18 :: 		}
L_end_rotate90:
0x0090	0x0008      	RETURN
; end of _rotate90
_main:
0x0091	0x1283      	BCF        STATUS, 5
0x0092	0x1303      	BCF        STATUS, 6
0x0093	0x01A0      	CLRF       _i
0x0094	0x01A1      	CLRF       33
;ServoMotor.c,28 :: 		void main () {
;ServoMotor.c,29 :: 		TRISB = 0x00;
0x0095	0x1683      	BSF        STATUS, 5
0x0096	0x0186      	CLRF       TRISB
;ServoMotor.c,30 :: 		portb = 0x00;
0x0097	0x1283      	BCF        STATUS, 5
0x0098	0x0186      	CLRF       PORTB
;ServoMotor.c,31 :: 		while(1) {
L_main15:
;ServoMotor.c,32 :: 		rotate0();
0x0099	0x203F      	CALL       _rotate0
;ServoMotor.c,33 :: 		rotate90();
0x009A	0x2068      	CALL       _rotate90
;ServoMotor.c,34 :: 		rotate180();
0x009B	0x2016      	CALL       _rotate180
;ServoMotor.c,35 :: 		}
0x009C	0x2899      	GOTO       L_main15
;ServoMotor.c,36 :: 		}
L_end_main:
0x009D	0x289D      	GOTO       $+0
; end of _main
Symbol List:
//** Routines locations **
//ADDRESS    SIZE    PROCEDURE
//----------------------------------------------
0x0003       [7]    _____DoICP
0x000A      [12]    ___CC2DW
0x0016      [41]    _rotate180
0x003F      [41]    _rotate0
0x0068      [41]    _rotate90
0x0091      [13]    _main
//** Variables locations ** 
//ADDRESS    SIZE    VARIABLE
//----------------------------------------------
0x0000       [1]    INDF
0x0002       [1]    PCL
0x0003       [1]    STATUS
0x0004       [1]    FSR
0x0006       [1]    PORTB
0x000A       [1]    PCLATH
0x0020       [2]    _i
0x0022       [2]    ___DoICPAddr
0x0070       [1]    R0
0x0071       [1]    R1
0x0072       [1]    R2
0x0073       [1]    R3
0x0074       [1]    R4
0x0075       [1]    R5
0x0076       [1]    R6
0x0077       [1]    R7
0x0078       [1]    R8
0x0079       [1]    R9
0x007A       [1]    R10
0x007B       [1]    R11
0x007C       [1]    R12
0x007D       [1]    R13
0x007E       [1]    R14
0x007F       [1]    R15
0x0086       [1]    TRISB
