;  LST file generated by mikroListExporter - v.2.0 
; Date/Time: 10/7/2024 10:57:16 PM
;----------------------------------------------

;Address Opcode 	ASM
0x0000	0x2872      	GOTO       114
_____DoICP:
;__Lib_System.c,6 :: 		
;__Lib_System.c,9 :: 		
0x0003	0x1283      	BCF        STATUS, 5
0x0004	0x1303      	BCF        STATUS, 6
0x0005	0x083A      	MOVF       ___DoICPAddr+1, 0
0x0006	0x008A      	MOVWF      PCLATH
;__Lib_System.c,10 :: 		
0x0007	0x0839      	MOVF       ___DoICPAddr, 0
0x0008	0x0082      	MOVWF      PCL
;__Lib_System.c,12 :: 		
L_end_____DoICP:
0x0009	0x0008      	RETURN
; end of _____DoICP
___CC2DW:
;__Lib_System.c,134 :: 		
;__Lib_System.c,137 :: 		
_CC2D_Loop1:
;__Lib_System.c,139 :: 		
0x000A	0x2003      	CALL       _____DoICP
0x000B	0x118A      	BCF        PCLATH, 3
0x000C	0x120A      	BCF        PCLATH, 4
;__Lib_System.c,141 :: 		
0x000D	0x0080      	MOVWF      INDF
;__Lib_System.c,142 :: 		
0x000E	0x0A84      	INCF       FSR, 1
;__Lib_System.c,143 :: 		
0x000F	0x0AB9      	INCF       ___DoICPAddr, 1
;__Lib_System.c,145 :: 		
0x0010	0x1903      	BTFSC      STATUS, 2
;__Lib_System.c,146 :: 		
0x0011	0x0ABA      	INCF       ___DoICPAddr+1, 1
;__Lib_System.c,147 :: 		
0x0012	0x03F0      	DECF       R0, 1
;__Lib_System.c,149 :: 		
0x0013	0x1D03      	BTFSS      STATUS, 2
;__Lib_System.c,150 :: 		
0x0014	0x280A      	GOTO       _CC2D_Loop1
;__Lib_System.c,152 :: 		
L_end___CC2DW:
0x0015	0x0008      	RETURN
; end of ___CC2DW
_turnFirst:
;SegmentDisplay.c,6 :: 		void turnFirst() {
;SegmentDisplay.c,7 :: 		portc.f0 = 0;
0x0016	0x1283      	BCF        STATUS, 5
0x0017	0x1303      	BCF        STATUS, 6
0x0018	0x1007      	BCF        PORTC, 0
;SegmentDisplay.c,8 :: 		portc.f1 = 0;
0x0019	0x1087      	BCF        PORTC, 1
;SegmentDisplay.c,10 :: 		portb = arr[fou];
0x001A	0x0821      	MOVF       _fou, 0
0x001B	0x00F0      	MOVWF      R0
0x001C	0x0DF0      	RLF        R0, 1
0x001D	0x1070      	BCF        R0, 0
0x001E	0x0870      	MOVF       R0, 0
0x001F	0x3E23      	ADDLW      _arr
0x0020	0x0084      	MOVWF      FSR
0x0021	0x0800      	MOVF       INDF, 0
0x0022	0x0086      	MOVWF      PORTB
;SegmentDisplay.c,11 :: 		delay_ms(10);
0x0023	0x301A      	MOVLW      26
0x0024	0x00FC      	MOVWF      R12
0x0025	0x30F8      	MOVLW      248
0x0026	0x00FD      	MOVWF      R13
L_turnFirst0:
0x0027	0x0BFD      	DECFSZ     R13, 1
0x0028	0x2827      	GOTO       L_turnFirst0
0x0029	0x0BFC      	DECFSZ     R12, 1
0x002A	0x2827      	GOTO       L_turnFirst0
0x002B	0x0000      	NOP
;SegmentDisplay.c,12 :: 		}
L_end_turnFirst:
0x002C	0x0008      	RETURN
; end of _turnFirst
_turnFourth:
;SegmentDisplay.c,30 :: 		void turnFourth() {
;SegmentDisplay.c,31 :: 		portc.f0 = 1;
0x002D	0x1283      	BCF        STATUS, 5
0x002E	0x1303      	BCF        STATUS, 6
0x002F	0x1407      	BSF        PORTC, 0
;SegmentDisplay.c,32 :: 		portc.f1 = 1;
0x0030	0x1487      	BSF        PORTC, 1
;SegmentDisplay.c,34 :: 		portb = arr[fir];
0x0031	0x0820      	MOVF       _fir, 0
0x0032	0x00F0      	MOVWF      R0
0x0033	0x0DF0      	RLF        R0, 1
0x0034	0x1070      	BCF        R0, 0
0x0035	0x0870      	MOVF       R0, 0
0x0036	0x3E23      	ADDLW      _arr
0x0037	0x0084      	MOVWF      FSR
0x0038	0x0800      	MOVF       INDF, 0
0x0039	0x0086      	MOVWF      PORTB
;SegmentDisplay.c,35 :: 		delay_ms(10);
0x003A	0x301A      	MOVLW      26
0x003B	0x00FC      	MOVWF      R12
0x003C	0x30F8      	MOVLW      248
0x003D	0x00FD      	MOVWF      R13
L_turnFourth3:
0x003E	0x0BFD      	DECFSZ     R13, 1
0x003F	0x283E      	GOTO       L_turnFourth3
0x0040	0x0BFC      	DECFSZ     R12, 1
0x0041	0x283E      	GOTO       L_turnFourth3
0x0042	0x0000      	NOP
;SegmentDisplay.c,36 :: 		}
L_end_turnFourth:
0x0043	0x0008      	RETURN
; end of _turnFourth
_turnSecond:
;SegmentDisplay.c,14 :: 		void turnSecond() {
;SegmentDisplay.c,15 :: 		portc.f0 = 0;
0x0044	0x1283      	BCF        STATUS, 5
0x0045	0x1303      	BCF        STATUS, 6
0x0046	0x1007      	BCF        PORTC, 0
;SegmentDisplay.c,16 :: 		portc.f1 = 1;
0x0047	0x1487      	BSF        PORTC, 1
;SegmentDisplay.c,18 :: 		portb = arr[thi];
0x0048	0x0837      	MOVF       _thi, 0
0x0049	0x00F0      	MOVWF      R0
0x004A	0x0DF0      	RLF        R0, 1
0x004B	0x1070      	BCF        R0, 0
0x004C	0x0870      	MOVF       R0, 0
0x004D	0x3E23      	ADDLW      _arr
0x004E	0x0084      	MOVWF      FSR
0x004F	0x0800      	MOVF       INDF, 0
0x0050	0x0086      	MOVWF      PORTB
;SegmentDisplay.c,19 :: 		delay_ms(10);
0x0051	0x301A      	MOVLW      26
0x0052	0x00FC      	MOVWF      R12
0x0053	0x30F8      	MOVLW      248
0x0054	0x00FD      	MOVWF      R13
L_turnSecond1:
0x0055	0x0BFD      	DECFSZ     R13, 1
0x0056	0x2855      	GOTO       L_turnSecond1
0x0057	0x0BFC      	DECFSZ     R12, 1
0x0058	0x2855      	GOTO       L_turnSecond1
0x0059	0x0000      	NOP
;SegmentDisplay.c,20 :: 		}
L_end_turnSecond:
0x005A	0x0008      	RETURN
; end of _turnSecond
_turnThird:
;SegmentDisplay.c,22 :: 		void turnThird() {
;SegmentDisplay.c,23 :: 		portc.f0 = 1;
0x005B	0x1283      	BCF        STATUS, 5
0x005C	0x1303      	BCF        STATUS, 6
0x005D	0x1407      	BSF        PORTC, 0
;SegmentDisplay.c,24 :: 		portc.f1 = 0;
0x005E	0x1087      	BCF        PORTC, 1
;SegmentDisplay.c,26 :: 		portb = arr[sec];
0x005F	0x0838      	MOVF       _sec, 0
0x0060	0x00F0      	MOVWF      R0
0x0061	0x0DF0      	RLF        R0, 1
0x0062	0x1070      	BCF        R0, 0
0x0063	0x0870      	MOVF       R0, 0
0x0064	0x3E23      	ADDLW      _arr
0x0065	0x0084      	MOVWF      FSR
0x0066	0x0800      	MOVF       INDF, 0
0x0067	0x0086      	MOVWF      PORTB
;SegmentDisplay.c,27 :: 		delay_ms(10);
0x0068	0x301A      	MOVLW      26
0x0069	0x00FC      	MOVWF      R12
0x006A	0x30F8      	MOVLW      248
0x006B	0x00FD      	MOVWF      R13
L_turnThird2:
0x006C	0x0BFD      	DECFSZ     R13, 1
0x006D	0x286C      	GOTO       L_turnThird2
0x006E	0x0BFC      	DECFSZ     R12, 1
0x006F	0x286C      	GOTO       L_turnThird2
0x0070	0x0000      	NOP
;SegmentDisplay.c,28 :: 		}
L_end_turnThird:
0x0071	0x0008      	RETURN
; end of _turnThird
_main:
0x0072	0x1283      	BCF        STATUS, 5
0x0073	0x1303      	BCF        STATUS, 6
0x0074	0x01A0      	CLRF       _fir
0x0075	0x01A1      	CLRF       _fou
0x0076	0x01A2      	CLRF       _j
0x0077	0x303F      	MOVLW      63
0x0078	0x00A3      	MOVWF      _arr
0x0079	0x01A4      	CLRF       36
0x007A	0x3006      	MOVLW      6
0x007B	0x00A5      	MOVWF      37
0x007C	0x01A6      	CLRF       38
0x007D	0x305B      	MOVLW      91
0x007E	0x00A7      	MOVWF      39
0x007F	0x01A8      	CLRF       40
0x0080	0x304F      	MOVLW      79
0x0081	0x00A9      	MOVWF      41
0x0082	0x01AA      	CLRF       42
0x0083	0x3066      	MOVLW      102
0x0084	0x00AB      	MOVWF      43
0x0085	0x01AC      	CLRF       44
0x0086	0x306D      	MOVLW      109
0x0087	0x00AD      	MOVWF      45
0x0088	0x01AE      	CLRF       46
0x0089	0x307D      	MOVLW      125
0x008A	0x00AF      	MOVWF      47
0x008B	0x01B0      	CLRF       48
0x008C	0x3007      	MOVLW      7
0x008D	0x00B1      	MOVWF      49
0x008E	0x01B2      	CLRF       50
0x008F	0x307F      	MOVLW      127
0x0090	0x00B3      	MOVWF      51
0x0091	0x01B4      	CLRF       52
0x0092	0x306F      	MOVLW      111
0x0093	0x00B5      	MOVWF      53
0x0094	0x01B6      	CLRF       54
0x0095	0x01B7      	CLRF       _thi
0x0096	0x01B8      	CLRF       _sec
;SegmentDisplay.c,39 :: 		void main() {
;SegmentDisplay.c,40 :: 		TRISB = 0x00;
0x0097	0x1683      	BSF        STATUS, 5
0x0098	0x0186      	CLRF       TRISB
;SegmentDisplay.c,41 :: 		TRISC = 0x00;
0x0099	0x0187      	CLRF       TRISC
;SegmentDisplay.c,43 :: 		portb = 0x00;
0x009A	0x1283      	BCF        STATUS, 5
0x009B	0x0186      	CLRF       PORTB
;SegmentDisplay.c,44 :: 		portc = 0x00;
0x009C	0x0187      	CLRF       PORTC
;SegmentDisplay.c,47 :: 		while(1) {
L_main4:
;SegmentDisplay.c,56 :: 		fir = 2;
0x009D	0x3002      	MOVLW      2
0x009E	0x00A0      	MOVWF      _fir
;SegmentDisplay.c,57 :: 		sec = 2;
0x009F	0x3002      	MOVLW      2
0x00A0	0x00B8      	MOVWF      _sec
;SegmentDisplay.c,58 :: 		thi = 2;
0x00A1	0x3002      	MOVLW      2
0x00A2	0x00B7      	MOVWF      _thi
;SegmentDisplay.c,59 :: 		fou = 2;
0x00A3	0x3002      	MOVLW      2
0x00A4	0x00A1      	MOVWF      _fou
;SegmentDisplay.c,60 :: 		for(j = 0; j < 25; j++) {
0x00A5	0x01A2      	CLRF       _j
L_main6:
0x00A6	0x3080      	MOVLW      128
0x00A7	0x0622      	XORWF      _j, 0
0x00A8	0x00F0      	MOVWF      R0
0x00A9	0x3080      	MOVLW      128
0x00AA	0x3A19      	XORLW      25
0x00AB	0x0270      	SUBWF      R0, 0
0x00AC	0x1803      	BTFSC      STATUS, 0
0x00AD	0x28B4      	GOTO       L_main7
;SegmentDisplay.c,61 :: 		turnFirst();
0x00AE	0x2016      	CALL       _turnFirst
;SegmentDisplay.c,62 :: 		turnSecond();
0x00AF	0x2044      	CALL       _turnSecond
;SegmentDisplay.c,63 :: 		turnThird();
0x00B0	0x205B      	CALL       _turnThird
;SegmentDisplay.c,64 :: 		turnFourth();
0x00B1	0x202D      	CALL       _turnFourth
;SegmentDisplay.c,60 :: 		for(j = 0; j < 25; j++) {
0x00B2	0x0AA2      	INCF       _j, 1
;SegmentDisplay.c,65 :: 		}
0x00B3	0x28A6      	GOTO       L_main6
L_main7:
;SegmentDisplay.c,68 :: 		}
0x00B4	0x289D      	GOTO       L_main4
;SegmentDisplay.c,70 :: 		}
L_end_main:
0x00B5	0x28B5      	GOTO       $+0
; end of _main
Symbol List:
//** Routines locations **
//ADDRESS    SIZE    PROCEDURE
//----------------------------------------------
0x0003       [7]    _____DoICP
0x000A      [12]    ___CC2DW
0x0016      [23]    _turnFirst
0x002D      [23]    _turnFourth
0x0044      [23]    _turnSecond
0x005B      [23]    _turnThird
0x0072      [68]    _main
//** Variables locations ** 
//ADDRESS    SIZE    VARIABLE
//----------------------------------------------
0x0000       [1]    INDF
0x0002       [1]    PCL
0x0003       [1]    STATUS
0x0004       [1]    FSR
0x0006       [1]    PORTB
0x0007       [1]    PORTC
0x000A       [1]    PCLATH
0x0020       [1]    _fir
0x0021       [1]    _fou
0x0022       [1]    _j
0x0023      [20]    _arr
0x0037       [1]    _thi
0x0038       [1]    _sec
0x0039       [2]    ___DoICPAddr
0x0070       [1]    R0
0x0071       [1]    R1
0x0072       [1]    R2
0x0073       [1]    R3
0x0074       [1]    R4
0x0075       [1]    R5
0x0076       [1]    R6
0x0077       [1]    R7
0x0078       [1]    R8
0x0079       [1]    R9
0x007A       [1]    R10
0x007B       [1]    R11
0x007C       [1]    R12
0x007D       [1]    R13
0x007E       [1]    R14
0x007F       [1]    R15
0x0086       [1]    TRISB
0x0087       [1]    TRISC
